<?xml version="1.0" encoding="UTF-8"?>
<!-- Generated by org.testng.reporters.JUnitReportReporter -->
<testsuite hostname="Lenovo" failures="0" tests="1" name="basic.OrganizationsTest" time="6.247" errors="0" timestamp="2024-03-15T12:51:50 IST" skipped="0">
  <testcase classname="basic.OrganizationsTest" name="createOrganizationsTest" time="6.247"/>
  <system-out/>
</testsuite> <!-- basic.OrganizationsTest -->
